{"/mnt/HDD/projects/devfullcycle/ddd/modelagem-tatica-patterns/src/entity/address.ts": {"path":"/mnt/HDD/projects/devfullcycle/ddd/modelagem-tatica-patterns/src/entity/address.ts","all":false,"statementMap":{"0":{"start":{"line":1,"column":0},"end":{"line":1,"column":30}},"1":{"start":{"line":2,"column":0},"end":{"line":2,"column":0}},"2":{"start":{"line":3,"column":0},"end":{"line":3,"column":25}},"3":{"start":{"line":4,"column":0},"end":{"line":4,"column":24}},"4":{"start":{"line":5,"column":0},"end":{"line":5,"column":22}},"5":{"start":{"line":6,"column":0},"end":{"line":6,"column":23}},"6":{"start":{"line":7,"column":0},"end":{"line":7,"column":0}},"7":{"start":{"line":8,"column":0},"end":{"line":8,"column":76}},"8":{"start":{"line":9,"column":0},"end":{"line":9,"column":30}},"9":{"start":{"line":10,"column":0},"end":{"line":10,"column":30}},"10":{"start":{"line":11,"column":0},"end":{"line":11,"column":24}},"11":{"start":{"line":12,"column":0},"end":{"line":12,"column":26}},"12":{"start":{"line":13,"column":0},"end":{"line":13,"column":0}},"13":{"start":{"line":14,"column":0},"end":{"line":14,"column":24}},"14":{"start":{"line":15,"column":0},"end":{"line":15,"column":5}},"15":{"start":{"line":16,"column":0},"end":{"line":16,"column":0}},"16":{"start":{"line":17,"column":0},"end":{"line":17,"column":0}},"17":{"start":{"line":18,"column":0},"end":{"line":18,"column":16}},"18":{"start":{"line":19,"column":0},"end":{"line":19,"column":40}},"19":{"start":{"line":20,"column":0},"end":{"line":20,"column":50}},"20":{"start":{"line":21,"column":0},"end":{"line":21,"column":9}},"21":{"start":{"line":22,"column":0},"end":{"line":22,"column":0}},"22":{"start":{"line":23,"column":0},"end":{"line":23,"column":33}},"23":{"start":{"line":24,"column":0},"end":{"line":24,"column":50}},"24":{"start":{"line":25,"column":0},"end":{"line":25,"column":9}},"25":{"start":{"line":26,"column":0},"end":{"line":26,"column":0}},"26":{"start":{"line":27,"column":0},"end":{"line":27,"column":37}},"27":{"start":{"line":28,"column":0},"end":{"line":28,"column":47}},"28":{"start":{"line":29,"column":0},"end":{"line":29,"column":9}},"29":{"start":{"line":30,"column":0},"end":{"line":30,"column":0}},"30":{"start":{"line":31,"column":0},"end":{"line":31,"column":38}},"31":{"start":{"line":32,"column":0},"end":{"line":32,"column":48}},"32":{"start":{"line":33,"column":0},"end":{"line":33,"column":9}},"33":{"start":{"line":34,"column":0},"end":{"line":34,"column":5}},"34":{"start":{"line":35,"column":0},"end":{"line":35,"column":0}},"35":{"start":{"line":36,"column":0},"end":{"line":36,"column":24}},"36":{"start":{"line":37,"column":0},"end":{"line":37,"column":76}},"37":{"start":{"line":38,"column":0},"end":{"line":38,"column":5}},"38":{"start":{"line":39,"column":0},"end":{"line":39,"column":1}}},"s":{"0":1,"1":1,"2":1,"3":1,"4":1,"5":1,"6":1,"7":1,"8":1,"9":1,"10":1,"11":1,"12":1,"13":1,"14":1,"15":1,"16":1,"17":1,"18":1,"19":0,"20":0,"21":1,"22":1,"23":0,"24":0,"25":1,"26":1,"27":0,"28":0,"29":1,"30":1,"31":0,"32":0,"33":1,"34":1,"35":1,"36":0,"37":0,"38":1},"branchMap":{"0":{"type":"branch","line":1,"loc":{"start":{"line":1,"column":21},"end":{"line":1,"column":28}},"locations":[{"start":{"line":1,"column":21},"end":{"line":1,"column":28}}]},"1":{"type":"branch","line":3,"loc":{"start":{"line":3,"column":4},"end":{"line":6,"column":22}},"locations":[{"start":{"line":3,"column":4},"end":{"line":6,"column":22}}]},"2":{"type":"branch","line":8,"loc":{"start":{"line":8,"column":4},"end":{"line":15,"column":5}},"locations":[{"start":{"line":8,"column":4},"end":{"line":15,"column":5}}]},"3":{"type":"branch","line":18,"loc":{"start":{"line":18,"column":4},"end":{"line":34,"column":5}},"locations":[{"start":{"line":18,"column":4},"end":{"line":34,"column":5}}]},"4":{"type":"branch","line":19,"loc":{"start":{"line":19,"column":39},"end":{"line":21,"column":9}},"locations":[{"start":{"line":19,"column":39},"end":{"line":21,"column":9}}]},"5":{"type":"branch","line":23,"loc":{"start":{"line":23,"column":32},"end":{"line":25,"column":9}},"locations":[{"start":{"line":23,"column":32},"end":{"line":25,"column":9}}]},"6":{"type":"branch","line":27,"loc":{"start":{"line":27,"column":36},"end":{"line":29,"column":9}},"locations":[{"start":{"line":27,"column":36},"end":{"line":29,"column":9}}]},"7":{"type":"branch","line":31,"loc":{"start":{"line":31,"column":37},"end":{"line":33,"column":9}},"locations":[{"start":{"line":31,"column":37},"end":{"line":33,"column":9}}]}},"b":{"0":[1],"1":[1],"2":[1],"3":[1],"4":[0],"5":[0],"6":[0],"7":[0]},"fnMap":{"0":{"name":"get","decl":{"start":{"line":1,"column":21},"end":{"line":1,"column":28}},"loc":{"start":{"line":1,"column":21},"end":{"line":1,"column":28}},"line":1},"1":{"name":"<instance_members_initializer>","decl":{"start":{"line":3,"column":4},"end":{"line":6,"column":22}},"loc":{"start":{"line":3,"column":4},"end":{"line":6,"column":22}},"line":3},"2":{"name":"Address","decl":{"start":{"line":8,"column":4},"end":{"line":15,"column":5}},"loc":{"start":{"line":8,"column":4},"end":{"line":15,"column":5}},"line":8},"3":{"name":"validate","decl":{"start":{"line":18,"column":4},"end":{"line":34,"column":5}},"loc":{"start":{"line":18,"column":4},"end":{"line":34,"column":5}},"line":18},"4":{"name":"toString","decl":{"start":{"line":36,"column":4},"end":{"line":38,"column":5}},"loc":{"start":{"line":36,"column":4},"end":{"line":38,"column":5}},"line":36}},"f":{"0":1,"1":1,"2":1,"3":1,"4":0}}
,"/mnt/HDD/projects/devfullcycle/ddd/modelagem-tatica-patterns/src/entity/customer.ts": {"path":"/mnt/HDD/projects/devfullcycle/ddd/modelagem-tatica-patterns/src/entity/customer.ts","all":false,"statementMap":{"0":{"start":{"line":1,"column":0},"end":{"line":1,"column":32}},"1":{"start":{"line":2,"column":0},"end":{"line":2,"column":0}},"2":{"start":{"line":3,"column":0},"end":{"line":3,"column":31}},"3":{"start":{"line":4,"column":0},"end":{"line":4,"column":0}},"4":{"start":{"line":5,"column":0},"end":{"line":5,"column":24}},"5":{"start":{"line":6,"column":0},"end":{"line":6,"column":26}},"6":{"start":{"line":7,"column":0},"end":{"line":7,"column":31}},"7":{"start":{"line":8,"column":0},"end":{"line":8,"column":37}},"8":{"start":{"line":9,"column":0},"end":{"line":9,"column":0}},"9":{"start":{"line":10,"column":0},"end":{"line":10,"column":43}},"10":{"start":{"line":11,"column":0},"end":{"line":11,"column":22}},"11":{"start":{"line":12,"column":0},"end":{"line":12,"column":26}},"12":{"start":{"line":13,"column":0},"end":{"line":13,"column":24}},"13":{"start":{"line":14,"column":0},"end":{"line":14,"column":5}},"14":{"start":{"line":15,"column":0},"end":{"line":15,"column":0}},"15":{"start":{"line":16,"column":0},"end":{"line":16,"column":17}},"16":{"start":{"line":17,"column":0},"end":{"line":17,"column":26}},"17":{"start":{"line":18,"column":0},"end":{"line":18,"column":5}},"18":{"start":{"line":19,"column":0},"end":{"line":19,"column":0}},"19":{"start":{"line":20,"column":0},"end":{"line":20,"column":25}},"20":{"start":{"line":21,"column":0},"end":{"line":21,"column":28}},"21":{"start":{"line":22,"column":0},"end":{"line":22,"column":5}},"22":{"start":{"line":23,"column":0},"end":{"line":23,"column":0}},"23":{"start":{"line":24,"column":0},"end":{"line":24,"column":16}},"24":{"start":{"line":25,"column":0},"end":{"line":25,"column":36}},"25":{"start":{"line":26,"column":0},"end":{"line":26,"column":46}},"26":{"start":{"line":27,"column":0},"end":{"line":27,"column":9}},"27":{"start":{"line":28,"column":0},"end":{"line":28,"column":38}},"28":{"start":{"line":29,"column":0},"end":{"line":29,"column":48}},"29":{"start":{"line":30,"column":0},"end":{"line":30,"column":9}},"30":{"start":{"line":31,"column":0},"end":{"line":31,"column":5}},"31":{"start":{"line":32,"column":0},"end":{"line":32,"column":4}},"32":{"start":{"line":33,"column":0},"end":{"line":33,"column":30}},"33":{"start":{"line":34,"column":0},"end":{"line":34,"column":26}},"34":{"start":{"line":35,"column":0},"end":{"line":35,"column":24}},"35":{"start":{"line":36,"column":0},"end":{"line":36,"column":5}},"36":{"start":{"line":37,"column":0},"end":{"line":37,"column":6}},"37":{"start":{"line":38,"column":0},"end":{"line":38,"column":35}},"38":{"start":{"line":39,"column":0},"end":{"line":39,"column":32}},"39":{"start":{"line":40,"column":0},"end":{"line":40,"column":5}},"40":{"start":{"line":41,"column":0},"end":{"line":41,"column":0}},"41":{"start":{"line":42,"column":0},"end":{"line":42,"column":16}},"42":{"start":{"line":43,"column":0},"end":{"line":43,"column":42}},"43":{"start":{"line":44,"column":0},"end":{"line":44,"column":75}},"44":{"start":{"line":45,"column":0},"end":{"line":45,"column":9}},"45":{"start":{"line":46,"column":0},"end":{"line":46,"column":28}},"46":{"start":{"line":47,"column":0},"end":{"line":47,"column":5}},"47":{"start":{"line":48,"column":0},"end":{"line":48,"column":4}},"48":{"start":{"line":49,"column":0},"end":{"line":49,"column":18}},"49":{"start":{"line":50,"column":0},"end":{"line":50,"column":29}},"50":{"start":{"line":51,"column":0},"end":{"line":51,"column":5}},"51":{"start":{"line":52,"column":0},"end":{"line":52,"column":1}}},"s":{"0":1,"1":1,"2":1,"3":1,"4":1,"5":1,"6":1,"7":1,"8":1,"9":1,"10":6,"11":6,"12":6,"13":6,"14":1,"15":1,"16":1,"17":1,"18":1,"19":1,"20":2,"21":2,"22":1,"23":1,"24":7,"25":1,"26":1,"27":7,"28":1,"29":1,"30":7,"31":1,"32":1,"33":1,"34":1,"35":1,"36":1,"37":1,"38":1,"39":1,"40":1,"41":1,"42":2,"43":1,"44":1,"45":1,"46":1,"47":1,"48":1,"49":1,"50":1,"51":1},"branchMap":{"0":{"type":"branch","line":3,"loc":{"start":{"line":3,"column":21},"end":{"line":3,"column":29}},"locations":[{"start":{"line":3,"column":21},"end":{"line":3,"column":29}}]},"1":{"type":"branch","line":8,"loc":{"start":{"line":8,"column":4},"end":{"line":8,"column":36}},"locations":[{"start":{"line":8,"column":4},"end":{"line":8,"column":36}}]},"2":{"type":"branch","line":10,"loc":{"start":{"line":10,"column":4},"end":{"line":14,"column":5}},"locations":[{"start":{"line":10,"column":4},"end":{"line":14,"column":5}}]},"3":{"type":"branch","line":16,"loc":{"start":{"line":16,"column":4},"end":{"line":18,"column":5}},"locations":[{"start":{"line":16,"column":4},"end":{"line":18,"column":5}}]},"4":{"type":"branch","line":20,"loc":{"start":{"line":20,"column":4},"end":{"line":22,"column":5}},"locations":[{"start":{"line":20,"column":4},"end":{"line":22,"column":5}}]},"5":{"type":"branch","line":24,"loc":{"start":{"line":24,"column":4},"end":{"line":31,"column":5}},"locations":[{"start":{"line":24,"column":4},"end":{"line":31,"column":5}}]},"6":{"type":"branch","line":25,"loc":{"start":{"line":25,"column":35},"end":{"line":27,"column":9}},"locations":[{"start":{"line":25,"column":35},"end":{"line":27,"column":9}}]},"7":{"type":"branch","line":28,"loc":{"start":{"line":28,"column":-1},"end":{"line":28,"column":37}},"locations":[{"start":{"line":28,"column":-1},"end":{"line":28,"column":37}}]},"8":{"type":"branch","line":28,"loc":{"start":{"line":28,"column":37},"end":{"line":30,"column":9}},"locations":[{"start":{"line":28,"column":37},"end":{"line":30,"column":9}}]},"9":{"type":"branch","line":33,"loc":{"start":{"line":33,"column":4},"end":{"line":36,"column":5}},"locations":[{"start":{"line":33,"column":4},"end":{"line":36,"column":5}}]},"10":{"type":"branch","line":38,"loc":{"start":{"line":38,"column":4},"end":{"line":40,"column":5}},"locations":[{"start":{"line":38,"column":4},"end":{"line":40,"column":5}}]},"11":{"type":"branch","line":42,"loc":{"start":{"line":42,"column":4},"end":{"line":47,"column":5}},"locations":[{"start":{"line":42,"column":4},"end":{"line":47,"column":5}}]},"12":{"type":"branch","line":43,"loc":{"start":{"line":43,"column":41},"end":{"line":47,"column":5}},"locations":[{"start":{"line":43,"column":41},"end":{"line":47,"column":5}}]},"13":{"type":"branch","line":49,"loc":{"start":{"line":49,"column":4},"end":{"line":51,"column":5}},"locations":[{"start":{"line":49,"column":4},"end":{"line":51,"column":5}}]}},"b":{"0":[6],"1":[6],"2":[6],"3":[1],"4":[2],"5":[7],"6":[1],"7":[6],"8":[1],"9":[1],"10":[1],"11":[2],"12":[1],"13":[1]},"fnMap":{"0":{"name":"get","decl":{"start":{"line":3,"column":21},"end":{"line":3,"column":29}},"loc":{"start":{"line":3,"column":21},"end":{"line":3,"column":29}},"line":3},"1":{"name":"<instance_members_initializer>","decl":{"start":{"line":8,"column":4},"end":{"line":8,"column":36}},"loc":{"start":{"line":8,"column":4},"end":{"line":8,"column":36}},"line":8},"2":{"name":"Customer","decl":{"start":{"line":10,"column":4},"end":{"line":14,"column":5}},"loc":{"start":{"line":10,"column":4},"end":{"line":14,"column":5}},"line":10},"3":{"name":"get name","decl":{"start":{"line":16,"column":4},"end":{"line":18,"column":5}},"loc":{"start":{"line":16,"column":4},"end":{"line":18,"column":5}},"line":16},"4":{"name":"isActive","decl":{"start":{"line":20,"column":4},"end":{"line":22,"column":5}},"loc":{"start":{"line":20,"column":4},"end":{"line":22,"column":5}},"line":20},"5":{"name":"validate","decl":{"start":{"line":24,"column":4},"end":{"line":31,"column":5}},"loc":{"start":{"line":24,"column":4},"end":{"line":31,"column":5}},"line":24},"6":{"name":"changeName","decl":{"start":{"line":33,"column":4},"end":{"line":36,"column":5}},"loc":{"start":{"line":33,"column":4},"end":{"line":36,"column":5}},"line":33},"7":{"name":"set Address","decl":{"start":{"line":38,"column":4},"end":{"line":40,"column":5}},"loc":{"start":{"line":38,"column":4},"end":{"line":40,"column":5}},"line":38},"8":{"name":"activate","decl":{"start":{"line":42,"column":4},"end":{"line":47,"column":5}},"loc":{"start":{"line":42,"column":4},"end":{"line":47,"column":5}},"line":42},"9":{"name":"deactivate","decl":{"start":{"line":49,"column":4},"end":{"line":51,"column":5}},"loc":{"start":{"line":49,"column":4},"end":{"line":51,"column":5}},"line":49}},"f":{"0":6,"1":6,"2":6,"3":1,"4":2,"5":7,"6":1,"7":1,"8":2,"9":1}}
}
