TN:
SF:src/entity/address.ts
FN:1,get
FN:3,<instance_members_initializer>
FN:8,Address
FN:18,validate
FN:36,toString
FNF:5
FNH:4
FNDA:1,get
FNDA:1,<instance_members_initializer>
FNDA:1,Address
FNDA:1,validate
FNDA:0,toString
DA:1,1
DA:2,1
DA:3,1
DA:4,1
DA:5,1
DA:6,1
DA:7,1
DA:8,1
DA:9,1
DA:10,1
DA:11,1
DA:12,1
DA:13,1
DA:14,1
DA:15,1
DA:16,1
DA:17,1
DA:18,1
DA:19,1
DA:20,0
DA:21,0
DA:22,1
DA:23,1
DA:24,0
DA:25,0
DA:26,1
DA:27,1
DA:28,0
DA:29,0
DA:30,1
DA:31,1
DA:32,0
DA:33,0
DA:34,1
DA:35,1
DA:36,1
DA:37,0
DA:38,0
DA:39,1
LF:39
LH:29
BRDA:1,0,0,1
BRDA:3,1,0,1
BRDA:8,2,0,1
BRDA:18,3,0,1
BRDA:19,4,0,0
BRDA:23,5,0,0
BRDA:27,6,0,0
BRDA:31,7,0,0
BRF:8
BRH:4
end_of_record
TN:
SF:src/entity/customer.ts
FN:3,get
FN:8,<instance_members_initializer>
FN:10,Customer
FN:16,get name
FN:20,isActive
FN:24,validate
FN:33,changeName
FN:38,set Address
FN:42,activate
FN:49,deactivate
FNF:10
FNH:10
FNDA:6,get
FNDA:6,<instance_members_initializer>
FNDA:6,Customer
FNDA:1,get name
FNDA:2,isActive
FNDA:7,validate
FNDA:1,changeName
FNDA:1,set Address
FNDA:2,activate
FNDA:1,deactivate
DA:1,1
DA:2,1
DA:3,1
DA:4,1
DA:5,1
DA:6,1
DA:7,1
DA:8,1
DA:9,1
DA:10,1
DA:11,6
DA:12,6
DA:13,6
DA:14,6
DA:15,1
DA:16,1
DA:17,1
DA:18,1
DA:19,1
DA:20,1
DA:21,2
DA:22,2
DA:23,1
DA:24,1
DA:25,7
DA:26,1
DA:27,1
DA:28,7
DA:29,1
DA:30,1
DA:31,7
DA:32,1
DA:33,1
DA:34,1
DA:35,1
DA:36,1
DA:37,1
DA:38,1
DA:39,1
DA:40,1
DA:41,1
DA:42,1
DA:43,2
DA:44,1
DA:45,1
DA:46,1
DA:47,1
DA:48,1
DA:49,1
DA:50,1
DA:51,1
DA:52,1
LF:52
LH:52
BRDA:3,0,0,6
BRDA:8,1,0,6
BRDA:10,2,0,6
BRDA:16,3,0,1
BRDA:20,4,0,2
BRDA:24,5,0,7
BRDA:25,6,0,1
BRDA:28,7,0,6
BRDA:28,8,0,1
BRDA:33,9,0,1
BRDA:38,10,0,1
BRDA:42,11,0,2
BRDA:43,12,0,1
BRDA:49,13,0,1
BRF:14
BRH:14
end_of_record
TN:
SF:src/entity/order.ts
FN:3,get
FN:10,Order
FN:18,total
FN:22,validate
FNF:4
FNH:4
FNDA:5,get
FNDA:5,Order
FNDA:6,total
FNDA:5,validate
DA:1,1
DA:2,1
DA:3,1
DA:4,1
DA:5,1
DA:6,1
DA:7,1
DA:8,1
DA:9,1
DA:10,1
DA:11,5
DA:12,5
DA:13,5
DA:14,5
DA:15,5
DA:16,5
DA:17,1
DA:18,1
DA:19,6
DA:20,6
DA:21,1
DA:22,1
DA:23,5
DA:24,1
DA:25,1
DA:26,4
DA:27,5
DA:28,1
DA:29,1
DA:30,3
DA:31,5
DA:32,1
DA:33,1
DA:34,2
DA:35,5
DA:36,1
DA:37,1
DA:38,1
DA:39,1
DA:40,1
DA:41,1
LF:41
LH:41
BRDA:3,0,0,5
BRDA:10,1,0,5
BRDA:18,2,0,6
BRDA:19,3,0,5
BRDA:22,4,0,5
BRDA:23,5,0,1
BRDA:26,6,0,4
BRDA:27,7,0,1
BRDA:30,8,0,3
BRDA:31,9,0,1
BRDA:34,10,0,2
BRDA:35,11,0,1
BRDA:35,12,0,3
BRF:13
BRH:13
end_of_record
TN:
SF:src/entity/order_item.ts
FN:1,get
FN:9,OrderItem
FN:17,get quantity
FN:21,get price
FNF:4
FNH:4
FNDA:3,get
FNDA:3,OrderItem
FNDA:3,get quantity
FNDA:5,get price
DA:1,1
DA:2,1
DA:3,1
DA:4,1
DA:5,1
DA:6,1
DA:7,1
DA:8,1
DA:9,1
DA:10,3
DA:11,3
DA:12,3
DA:13,3
DA:14,3
DA:15,3
DA:16,1
DA:17,1
DA:18,3
DA:19,3
DA:20,1
DA:21,1
DA:22,5
DA:23,5
DA:24,1
LF:24
LH:24
BRDA:1,0,0,3
BRDA:9,1,0,3
BRDA:17,2,0,3
BRDA:21,3,0,5
BRF:4
BRH:4
end_of_record
TN:
SF:src/entity/product.ts
FN:1,get
FN:7,Product
FN:14,get id
FN:18,get name
FN:22,get price
FN:26,changeName
FN:31,changePrice
FN:36,validate
FNF:8
FNH:7
FNDA:5,get
FNDA:5,Product
FNDA:0,get id
FNDA:1,get name
FNDA:1,get price
FNDA:1,changeName
FNDA:1,changePrice
FNDA:7,validate
DA:1,1
DA:2,1
DA:3,1
DA:4,1
DA:5,1
DA:6,1
DA:7,1
DA:8,5
DA:9,5
DA:10,5
DA:11,5
DA:12,5
DA:13,1
DA:14,1
DA:15,0
DA:16,0
DA:17,1
DA:18,1
DA:19,1
DA:20,1
DA:21,1
DA:22,1
DA:23,1
DA:24,1
DA:25,1
DA:26,1
DA:27,1
DA:28,1
DA:29,1
DA:30,1
DA:31,1
DA:32,1
DA:33,1
DA:34,1
DA:35,1
DA:36,1
DA:37,7
DA:38,1
DA:39,1
DA:40,6
DA:41,7
DA:42,1
DA:43,1
DA:44,5
DA:45,7
DA:46,1
DA:47,1
DA:48,4
DA:49,4
DA:50,4
DA:51,1
LF:51
LH:49
BRDA:1,0,0,5
BRDA:7,1,0,5
BRDA:18,2,0,1
BRDA:22,3,0,1
BRDA:26,4,0,1
BRDA:31,5,0,1
BRDA:36,6,0,7
BRDA:37,7,0,1
BRDA:40,8,0,6
BRDA:41,9,0,1
BRDA:44,10,0,5
BRDA:45,11,0,1
BRDA:48,12,0,4
BRF:13
BRH:13
end_of_record
